--------------------Moonraker Log Start--------------------
data_path: /home/klipper/printer_data
is_default_data_path: False
config_file: /home/klipper/printer_data/config/moonraker.conf
startup_warnings: []
verbose: False
debug: False
asyncio_debug: False
is_backup_config: False
is_python_package: False
log_file: /home/klipper/printer_data/logs/moonraker.log
software_version: v0.8.0-29-g80920dd
python_version: 3.9.2 (default, Feb 28 2021, 17:03:44)  [GCC 10.2.1 20210110]
2023-03-23 21:36:55,396 [loghelper.py:__init__()] - data_path: /home/klipper/printer_data
2023-03-23 21:36:55,396 [loghelper.py:__init__()] - is_default_data_path: False
2023-03-23 21:36:55,396 [loghelper.py:__init__()] - config_file: /home/klipper/printer_data/config/moonraker.conf
2023-03-23 21:36:55,397 [loghelper.py:__init__()] - startup_warnings: []
2023-03-23 21:36:55,397 [loghelper.py:__init__()] - verbose: False
2023-03-23 21:36:55,397 [loghelper.py:__init__()] - debug: False
2023-03-23 21:36:55,398 [loghelper.py:__init__()] - asyncio_debug: False
2023-03-23 21:36:55,398 [loghelper.py:__init__()] - is_backup_config: False
2023-03-23 21:36:55,398 [loghelper.py:__init__()] - is_python_package: False
2023-03-23 21:36:55,398 [loghelper.py:__init__()] - log_file: /home/klipper/printer_data/logs/moonraker.log
2023-03-23 21:36:55,398 [loghelper.py:__init__()] - software_version: v0.8.0-29-g80920dd
2023-03-23 21:36:55,398 [loghelper.py:__init__()] - python_version: 3.9.2 (default, Feb 28 2021, 17:03:44)  [GCC 10.2.1 20210110]
2023-03-23 21:36:55,463 [confighelper.py:read_file()] - Configuration File '/home/klipper/printer_data/config/moonraker.conf' parsed, total size: 1310 B
2023-03-23 21:36:55,464 [server.py:add_log_rollover_item()] - 
#################### Moonraker Configuration ####################

[server]
host = 0.0.0.0
port = 7125
klippy_uds_address = /home/klipper/printer_data/comms/klippy.sock

[authorization]
trusted_clients = 
	10.0.0.0/8
	127.0.0.0/8
	127.0.0.1
	169.254.0.0/16
	172.16.0.0/12
	192.168.0.0/16
	FE80::/10
	::1/128
cors_domains = 
	*.lan
	*.local
	*://localhost
	*://localhost:*
	*://my.mainsail.xyz
	*://app.fluidd.xyz

[octoprint_compat]

[history]

[update_manager]
channel = dev
refresh_interval = 168

[update_manager fluidd-config]
type = git_repo
primary_branch = master
path = ~/fluidd-config
origin = https://github.com/fluidd-core/fluidd-config.git
managed_services = klipper

[update_manager fluidd]
type = web
channel = stable
repo = fluidd-core/fluidd
path = ~/fluidd

[update_manager KlipperScreen]
type = git_repo
path = ~/KlipperScreen
origin = https://github.com/jordanruthe/KlipperScreen.git
env = ~/.KlipperScreen-env/bin/python
requirements = scripts/KlipperScreen-requirements.txt
install_script = scripts/KlipperScreen-install.sh
managed_services = KlipperScreen

[update_manager mainsail-config]
type = git_repo
primary_branch = master
path = ~/mainsail-config
origin = https://github.com/mainsail-crew/mainsail-config.git
managed_services = klipper

[update_manager mainsail]
type = web
channel = stable
repo = mainsail-crew/mainsail
path = ~/mainsail

#################################################################
All Configuration Files:
/home/klipper/printer_data/config/moonraker.conf
#################################################################
2023-03-23 21:36:55,548 [app.py:register_local_handler()] - Registering HTTP Endpoint: (POST) /server/logs/rollover
2023-03-23 21:36:55,551 [websockets.py:register_api_handler()] - Registering Websocket JSON-RPC methods: server.logs.rollover
2023-03-23 21:36:55,567 [app.py:register_local_handler()] - Registering HTTP Endpoint: (GET) /server/info
2023-03-23 21:36:55,568 [websockets.py:register_api_handler()] - Registering Websocket JSON-RPC methods: server.info
2023-03-23 21:36:55,568 [app.py:register_local_handler()] - Registering HTTP Endpoint: (GET) /server/config
2023-03-23 21:36:55,568 [websockets.py:register_api_handler()] - Registering Websocket JSON-RPC methods: server.config
2023-03-23 21:36:55,570 [app.py:register_local_handler()] - Registering HTTP Endpoint: (POST) /server/restart
2023-03-23 21:36:55,570 [websockets.py:register_api_handler()] - Registering Websocket JSON-RPC methods: server.restart
2023-03-23 21:36:55,959 [server.py:load_component()] - Component (dbus_manager) loaded
2023-03-23 21:36:56,138 [server.py:add_log_rollover_item()] - Unsafe Shutdown Count: 26
2023-03-23 21:36:56,179 [app.py:register_local_handler()] - Registering HTTP Endpoint: (GET) /server/database/list
2023-03-23 21:36:56,179 [websockets.py:register_api_handler()] - Registering Websocket JSON-RPC methods: server.database.list
2023-03-23 21:36:56,179 [app.py:register_local_handler()] - Registering HTTP Endpoint: (GET POST DELETE) /server/database/item
2023-03-23 21:36:56,179 [websockets.py:register_api_handler()] - Registering Websocket JSON-RPC methods: server.database.get_item, server.database.post_item, server.database.delete_item
2023-03-23 21:36:56,180 [server.py:load_component()] - Component (database) loaded
2023-03-23 21:36:56,231 [file_manager.py:__init__()] - Using File System Observer: inotify
2023-03-23 21:36:56,287 [app.py:register_local_handler()] - Registering HTTP Endpoint: (GET) /server/files/list
2023-03-23 21:36:56,291 [websockets.py:register_api_handler()] - Registering Websocket JSON-RPC methods: server.files.list
2023-03-23 21:36:56,291 [app.py:register_local_handler()] - Registering HTTP Endpoint: (GET) /server/files/metadata
2023-03-23 21:36:56,292 [websockets.py:register_api_handler()] - Registering Websocket JSON-RPC methods: server.files.metadata
2023-03-23 21:36:56,292 [app.py:register_local_handler()] - Registering HTTP Endpoint: (POST) /server/files/metascan
2023-03-23 21:36:56,293 [websockets.py:register_api_handler()] - Registering Websocket JSON-RPC methods: server.files.metascan
2023-03-23 21:36:56,294 [app.py:register_local_handler()] - Registering HTTP Endpoint: (GET) /server/files/thumbnails
2023-03-23 21:36:56,294 [websockets.py:register_api_handler()] - Registering Websocket JSON-RPC methods: server.files.thumbnails
2023-03-23 21:36:56,295 [app.py:register_local_handler()] - Registering HTTP Endpoint: (GET) /server/files/roots
2023-03-23 21:36:56,295 [websockets.py:register_api_handler()] - Registering Websocket JSON-RPC methods: server.files.roots
2023-03-23 21:36:56,295 [app.py:register_local_handler()] - Registering HTTP Endpoint: (GET POST DELETE) /server/files/directory
2023-03-23 21:36:56,295 [websockets.py:register_api_handler()] - Registering Websocket JSON-RPC methods: server.files.get_directory, server.files.post_directory, server.files.delete_directory
2023-03-23 21:36:56,296 [app.py:register_local_handler()] - Registering HTTP Endpoint: (POST) /server/files/move
2023-03-23 21:36:56,296 [websockets.py:register_api_handler()] - Registering Websocket JSON-RPC methods: server.files.move
2023-03-23 21:36:56,296 [app.py:register_local_handler()] - Registering HTTP Endpoint: (POST) /server/files/copy
2023-03-23 21:36:56,297 [websockets.py:register_api_handler()] - Registering Websocket JSON-RPC methods: server.files.copy
2023-03-23 21:36:56,310 [app.py:register_local_handler()] - Registering HTTP Endpoint: (POST) /server/files/zip
2023-03-23 21:36:56,311 [websockets.py:register_api_handler()] - Registering Websocket JSON-RPC methods: server.files.zip
2023-03-23 21:36:56,311 [websockets.py:register_api_handler()] - Registering Websocket JSON-RPC methods: server.files.delete_file
2023-03-23 21:36:56,343 [server.py:load_component()] - Component (file_manager) loaded
2023-03-23 21:36:56,363 [app.py:register_local_handler()] - Registering HTTP Endpoint: (POST) /printer/print/pause
2023-03-23 21:36:56,364 [websockets.py:register_api_handler()] - Registering Websocket JSON-RPC methods: printer.print.pause
2023-03-23 21:36:56,364 [app.py:register_local_handler()] - Registering HTTP Endpoint: (POST) /printer/print/resume
2023-03-23 21:36:56,365 [websockets.py:register_api_handler()] - Registering Websocket JSON-RPC methods: printer.print.resume
2023-03-23 21:36:56,365 [app.py:register_local_handler()] - Registering HTTP Endpoint: (POST) /printer/print/cancel
2023-03-23 21:36:56,365 [websockets.py:register_api_handler()] - Registering Websocket JSON-RPC methods: printer.print.cancel
2023-03-23 21:36:56,366 [app.py:register_local_handler()] - Registering HTTP Endpoint: (POST) /printer/print/start
2023-03-23 21:36:56,366 [websockets.py:register_api_handler()] - Registering Websocket JSON-RPC methods: printer.print.start
2023-03-23 21:36:56,366 [app.py:register_local_handler()] - Registering HTTP Endpoint: (POST) /printer/restart
2023-03-23 21:36:56,367 [websockets.py:register_api_handler()] - Registering Websocket JSON-RPC methods: printer.restart
2023-03-23 21:36:56,368 [app.py:register_local_handler()] - Registering HTTP Endpoint: (POST) /printer/firmware_restart
2023-03-23 21:36:56,369 [websockets.py:register_api_handler()] - Registering Websocket JSON-RPC methods: printer.firmware_restart
2023-03-23 21:36:56,372 [server.py:load_component()] - Component (klippy_apis) loaded
2023-03-23 21:36:56,628 [server.py:load_component()] - Component (secrets) loaded
2023-03-23 21:36:56,651 [server.py:load_component()] - Component (template) loaded
2023-03-23 21:36:56,735 [server.py:add_log_rollover_item()] - 
System Info:

***python***
  version: sys.version_info(major=3, minor=9, micro=2, releaselevel='final', serial=0)
  version_string: 3.9.2 (default, Feb 28 2021, 17:03:44)  [GCC 10.2.1 20210110]

***cpu_info***
  cpu_count: 4
  bits: 64bit
  processor: x86_64
  cpu_desc: 12th Gen Intel(R) Core(TM) i7-1260P
  serial_number: 
  hardware_desc: 
  model: 
  total_memory: 2030012
  memory_units: kB

***sd_info***

***distribution***
  name: Debian GNU/Linux 11 (bullseye)
  id: debian
  version: 11
  version_parts: {'major': '11', 'minor': '', 'build_number': ''}
  like: 
  codename: bullseye
  release_info: {}

***virtualization***
  virt_type: none
  virt_identifier: none

***network***

***canbus***

***Allowed Services***
  klipper_mcu
  webcamd
  MoonCord
  KlipperScreen
  moonraker-telegram-bot
  moonraker-obico
  sonar
  crowsnest
  octoeverywhere
2023-03-23 21:36:56,743 [server.py:load_component()] - Component (shell_command) loaded
2023-03-23 21:36:56,743 [machine.py:__init__()] - Using System Provider: systemd_dbus
2023-03-23 21:36:56,743 [app.py:register_local_handler()] - Registering HTTP Endpoint: (POST) /machine/reboot
2023-03-23 21:36:56,744 [websockets.py:register_api_handler()] - Registering Websocket JSON-RPC methods: machine.reboot
2023-03-23 21:36:56,744 [app.py:register_local_handler()] - Registering HTTP Endpoint: (POST) /machine/shutdown
2023-03-23 21:36:56,744 [websockets.py:register_api_handler()] - Registering Websocket JSON-RPC methods: machine.shutdown
2023-03-23 21:36:56,745 [app.py:register_local_handler()] - Registering HTTP Endpoint: (POST) /machine/services/restart
2023-03-23 21:36:56,746 [websockets.py:register_api_handler()] - Registering Websocket JSON-RPC methods: machine.services.restart
2023-03-23 21:36:56,746 [app.py:register_local_handler()] - Registering HTTP Endpoint: (POST) /machine/services/stop
2023-03-23 21:36:56,746 [websockets.py:register_api_handler()] - Registering Websocket JSON-RPC methods: machine.services.stop
2023-03-23 21:36:56,746 [app.py:register_local_handler()] - Registering HTTP Endpoint: (POST) /machine/services/start
2023-03-23 21:36:56,746 [websockets.py:register_api_handler()] - Registering Websocket JSON-RPC methods: machine.services.start
2023-03-23 21:36:56,747 [app.py:register_local_handler()] - Registering HTTP Endpoint: (GET) /machine/system_info
2023-03-23 21:36:56,747 [websockets.py:register_api_handler()] - Registering Websocket JSON-RPC methods: machine.system_info
2023-03-23 21:36:56,747 [app.py:register_local_handler()] - Registering HTTP Endpoint: (GET) /machine/sudo/info
2023-03-23 21:36:56,748 [websockets.py:register_api_handler()] - Registering Websocket JSON-RPC methods: machine.sudo.info
2023-03-23 21:36:56,748 [app.py:register_local_handler()] - Registering HTTP Endpoint: (POST) /machine/sudo/password
2023-03-23 21:36:56,748 [websockets.py:register_api_handler()] - Registering Websocket JSON-RPC methods: machine.sudo.password
2023-03-23 21:36:56,749 [server.py:load_component()] - Component (machine) loaded
2023-03-23 21:36:56,758 [app.py:register_local_handler()] - Registering HTTP Endpoint: (GET) /server/temperature_store
2023-03-23 21:36:56,758 [websockets.py:register_api_handler()] - Registering Websocket JSON-RPC methods: server.temperature_store
2023-03-23 21:36:56,758 [app.py:register_local_handler()] - Registering HTTP Endpoint: (GET) /server/gcode_store
2023-03-23 21:36:56,759 [websockets.py:register_api_handler()] - Registering Websocket JSON-RPC methods: server.gcode_store
2023-03-23 21:36:56,759 [server.py:load_component()] - Component (data_store) loaded
2023-03-23 21:36:56,769 [proc_stats.py:__init__()] - Unable to find 'vcgencmd', throttle checking disabled
2023-03-23 21:36:56,775 [app.py:register_local_handler()] - Registering HTTP Endpoint: (GET) /machine/proc_stats
2023-03-23 21:36:56,775 [websockets.py:register_api_handler()] - Registering Websocket JSON-RPC methods: machine.proc_stats
2023-03-23 21:36:56,775 [server.py:load_component()] - Component (proc_stats) loaded
2023-03-23 21:36:56,780 [server.py:load_component()] - Component (job_state) loaded
2023-03-23 21:36:56,801 [app.py:register_local_handler()] - Registering HTTP Endpoint: (POST DELETE) /server/job_queue/job
2023-03-23 21:36:56,802 [websockets.py:register_api_handler()] - Registering Websocket JSON-RPC methods: server.job_queue.post_job, server.job_queue.delete_job
2023-03-23 21:36:56,802 [app.py:register_local_handler()] - Registering HTTP Endpoint: (POST) /server/job_queue/pause
2023-03-23 21:36:56,802 [websockets.py:register_api_handler()] - Registering Websocket JSON-RPC methods: server.job_queue.pause
2023-03-23 21:36:56,803 [app.py:register_local_handler()] - Registering HTTP Endpoint: (POST) /server/job_queue/start
2023-03-23 21:36:56,803 [websockets.py:register_api_handler()] - Registering Websocket JSON-RPC methods: server.job_queue.start
2023-03-23 21:36:56,803 [app.py:register_local_handler()] - Registering HTTP Endpoint: (GET) /server/job_queue/status
2023-03-23 21:36:56,803 [websockets.py:register_api_handler()] - Registering Websocket JSON-RPC methods: server.job_queue.status
2023-03-23 21:36:56,803 [app.py:register_local_handler()] - Registering HTTP Endpoint: (POST) /server/job_queue/jump
2023-03-23 21:36:56,804 [websockets.py:register_api_handler()] - Registering Websocket JSON-RPC methods: server.job_queue.jump
2023-03-23 21:36:56,805 [server.py:load_component()] - Component (job_queue) loaded
2023-03-23 21:36:56,823 [server.py:load_component()] - Component (http_client) loaded
2023-03-23 21:36:56,838 [app.py:register_local_handler()] - Registering HTTP Endpoint: (GET) /server/announcements/list
2023-03-23 21:36:56,838 [websockets.py:register_api_handler()] - Registering Websocket JSON-RPC methods: server.announcements.list
2023-03-23 21:36:56,839 [app.py:register_local_handler()] - Registering HTTP Endpoint: (POST) /server/announcements/dismiss
2023-03-23 21:36:56,839 [websockets.py:register_api_handler()] - Registering Websocket JSON-RPC methods: server.announcements.dismiss
2023-03-23 21:36:56,839 [app.py:register_local_handler()] - Registering HTTP Endpoint: (POST) /server/announcements/update
2023-03-23 21:36:56,839 [websockets.py:register_api_handler()] - Registering Websocket JSON-RPC methods: server.announcements.update
2023-03-23 21:36:56,840 [app.py:register_local_handler()] - Registering HTTP Endpoint: (POST DELETE) /server/announcements/feed
2023-03-23 21:36:56,840 [websockets.py:register_api_handler()] - Registering Websocket JSON-RPC methods: server.announcements.post_feed, server.announcements.delete_feed
2023-03-23 21:36:56,841 [app.py:register_local_handler()] - Registering HTTP Endpoint: (GET) /server/announcements/feeds
2023-03-23 21:36:56,841 [websockets.py:register_api_handler()] - Registering Websocket JSON-RPC methods: server.announcements.feeds
2023-03-23 21:36:56,841 [server.py:load_component()] - Component (announcements) loaded
2023-03-23 21:36:56,853 [app.py:register_local_handler()] - Registering HTTP Endpoint: (GET) /server/webcams/list
2023-03-23 21:36:56,853 [websockets.py:register_api_handler()] - Registering Websocket JSON-RPC methods: server.webcams.list
2023-03-23 21:36:56,853 [app.py:register_local_handler()] - Registering HTTP Endpoint: (GET POST DELETE) /server/webcams/item
2023-03-23 21:36:56,853 [websockets.py:register_api_handler()] - Registering Websocket JSON-RPC methods: server.webcams.get_item, server.webcams.post_item, server.webcams.delete_item
2023-03-23 21:36:56,853 [app.py:register_local_handler()] - Registering HTTP Endpoint: (POST) /server/webcams/test
2023-03-23 21:36:56,854 [websockets.py:register_api_handler()] - Registering Websocket JSON-RPC methods: server.webcams.test
2023-03-23 21:36:56,854 [server.py:load_component()] - Component (webcam) loaded
2023-03-23 21:36:56,857 [websockets.py:register_api_handler()] - Registering Websocket JSON-RPC methods: connection.send_event
2023-03-23 21:36:56,857 [app.py:register_local_handler()] - Registering HTTP Endpoint: (GET) /server/extensions/list
2023-03-23 21:36:56,858 [websockets.py:register_api_handler()] - Registering Websocket JSON-RPC methods: server.extensions.list
2023-03-23 21:36:56,858 [app.py:register_local_handler()] - Registering HTTP Endpoint: (POST) /server/extensions/request
2023-03-23 21:36:56,858 [websockets.py:register_api_handler()] - Registering Websocket JSON-RPC methods: server.extensions.request
2023-03-23 21:36:56,858 [server.py:load_component()] - Component (extensions) loaded
2023-03-23 21:36:56,866 [app.py:register_local_handler()] - Registering HTTP Endpoint: (GET DELETE) /server/history/job
2023-03-23 21:36:56,866 [websockets.py:register_api_handler()] - Registering Websocket JSON-RPC methods: server.history.get_job, server.history.delete_job
2023-03-23 21:36:56,867 [app.py:register_local_handler()] - Registering HTTP Endpoint: (GET) /server/history/list
2023-03-23 21:36:56,867 [websockets.py:register_api_handler()] - Registering Websocket JSON-RPC methods: server.history.list
2023-03-23 21:36:56,868 [app.py:register_local_handler()] - Registering HTTP Endpoint: (GET) /server/history/totals
2023-03-23 21:36:56,874 [websockets.py:register_api_handler()] - Registering Websocket JSON-RPC methods: server.history.totals
2023-03-23 21:36:56,875 [app.py:register_local_handler()] - Registering HTTP Endpoint: (POST) /server/history/reset_totals
2023-03-23 21:36:56,876 [websockets.py:register_api_handler()] - Registering Websocket JSON-RPC methods: server.history.reset_totals
2023-03-23 21:36:56,876 [server.py:load_component()] - Component (history) loaded
2023-03-23 21:36:56,882 [app.py:register_local_handler()] - Registering HTTP Endpoint: (GET) /api/version
2023-03-23 21:36:56,882 [app.py:register_local_handler()] - Registering HTTP Endpoint: (GET) /api/server
2023-03-23 21:36:56,882 [app.py:register_local_handler()] - Registering HTTP Endpoint: (POST) /api/login
2023-03-23 21:36:56,882 [app.py:register_local_handler()] - Registering HTTP Endpoint: (GET) /api/currentuser
2023-03-23 21:36:56,882 [app.py:register_local_handler()] - Registering HTTP Endpoint: (GET) /api/settings
2023-03-23 21:36:56,882 [app.py:register_local_handler()] - Registering HTTP Endpoint: (GET) /api/job
2023-03-23 21:36:56,882 [app.py:register_local_handler()] - Registering HTTP Endpoint: (GET) /api/printer
2023-03-23 21:36:56,882 [app.py:register_local_handler()] - Registering HTTP Endpoint: (POST) /api/printer/command
2023-03-23 21:36:56,882 [app.py:register_local_handler()] - Registering HTTP Endpoint: (GET) /api/printerprofiles
2023-03-23 21:36:56,882 [app.py:register_local_handler()] - Registering HTTP Endpoint: (POST) /api/files/moonraker/(?P<relative_path>.+)
2023-03-23 21:36:56,882 [server.py:load_component()] - Component (octoprint_compat) loaded
2023-03-23 21:36:56,944 [authorization.py:__init__()] - Authorization Configuration Loaded
Trusted Clients:
127.0.0.1
10.0.0.0/8
127.0.0.0/8
169.254.0.0/16
172.16.0.0/12
192.168.0.0/16
fe80::/10
::1/128
CORS Domains:
.*\.lan
.*\.local
.*://localhost
.*://localhost:.*
.*://my\.mainsail\.xyz
.*://app\.fluidd\.xyz
2023-03-23 21:36:56,944 [app.py:register_local_handler()] - Registering HTTP Endpoint: (POST) /access/login
2023-03-23 21:36:56,945 [websockets.py:register_api_handler()] - Registering Websocket JSON-RPC methods: access.login
2023-03-23 21:36:56,945 [app.py:register_local_handler()] - Registering HTTP Endpoint: (POST) /access/logout
2023-03-23 21:36:56,945 [websockets.py:register_api_handler()] - Registering Websocket JSON-RPC methods: access.logout
2023-03-23 21:36:56,945 [app.py:register_local_handler()] - Registering HTTP Endpoint: (POST) /access/refresh_jwt
2023-03-23 21:36:56,946 [websockets.py:register_api_handler()] - Registering Websocket JSON-RPC methods: access.refresh_jwt
2023-03-23 21:36:56,946 [app.py:register_local_handler()] - Registering HTTP Endpoint: (GET POST DELETE) /access/user
2023-03-23 21:36:56,946 [websockets.py:register_api_handler()] - Registering Websocket JSON-RPC methods: access.get_user, access.post_user, access.delete_user
2023-03-23 21:36:56,946 [app.py:register_local_handler()] - Registering HTTP Endpoint: (GET) /access/users/list
2023-03-23 21:36:56,946 [websockets.py:register_api_handler()] - Registering Websocket JSON-RPC methods: access.users.list
2023-03-23 21:36:56,946 [app.py:register_local_handler()] - Registering HTTP Endpoint: (POST) /access/user/password
2023-03-23 21:36:56,946 [websockets.py:register_api_handler()] - Registering Websocket JSON-RPC methods: access.user.password
2023-03-23 21:36:56,946 [app.py:register_local_handler()] - Registering HTTP Endpoint: (GET POST) /access/api_key
2023-03-23 21:36:56,947 [websockets.py:register_api_handler()] - Registering Websocket JSON-RPC methods: access.get_api_key, access.post_api_key
2023-03-23 21:36:56,947 [app.py:register_local_handler()] - Registering HTTP Endpoint: (GET) /access/oneshot_token
2023-03-23 21:36:56,947 [websockets.py:register_api_handler()] - Registering Websocket JSON-RPC methods: access.oneshot_token
2023-03-23 21:36:56,947 [app.py:register_local_handler()] - Registering HTTP Endpoint: (GET) /access/info
2023-03-23 21:36:56,947 [websockets.py:register_api_handler()] - Registering Websocket JSON-RPC methods: access.info
2023-03-23 21:36:56,947 [server.py:load_component()] - Component (authorization) loaded
2023-03-23 21:36:57,034 [base_deploy.py:log_info()] - Application moonraker: Detected virtualenv: /home/klipper/moonraker-env
2023-03-23 21:36:57,035 [base_deploy.py:log_info()] - Application klipper: Detected virtualenv: /home/klipper/klippy-env
2023-03-23 21:36:57,066 [base_deploy.py:log_info()] - Application KlipperScreen: Detected virtualenv: /home/klipper/.KlipperScreen-env
2023-03-23 21:36:57,072 [app.py:register_local_handler()] - Registering HTTP Endpoint: (POST) /machine/update/moonraker
2023-03-23 21:36:57,074 [websockets.py:register_api_handler()] - Registering Websocket JSON-RPC methods: machine.update.moonraker
2023-03-23 21:36:57,074 [app.py:register_local_handler()] - Registering HTTP Endpoint: (POST) /machine/update/klipper
2023-03-23 21:36:57,075 [websockets.py:register_api_handler()] - Registering Websocket JSON-RPC methods: machine.update.klipper
2023-03-23 21:36:57,075 [app.py:register_local_handler()] - Registering HTTP Endpoint: (POST) /machine/update/system
2023-03-23 21:36:57,075 [websockets.py:register_api_handler()] - Registering Websocket JSON-RPC methods: machine.update.system
2023-03-23 21:36:57,075 [app.py:register_local_handler()] - Registering HTTP Endpoint: (POST) /machine/update/client
2023-03-23 21:36:57,075 [websockets.py:register_api_handler()] - Registering Websocket JSON-RPC methods: machine.update.client
2023-03-23 21:36:57,075 [app.py:register_local_handler()] - Registering HTTP Endpoint: (POST) /machine/update/full
2023-03-23 21:36:57,075 [websockets.py:register_api_handler()] - Registering Websocket JSON-RPC methods: machine.update.full
2023-03-23 21:36:57,075 [app.py:register_local_handler()] - Registering HTTP Endpoint: (GET) /machine/update/status
2023-03-23 21:36:57,076 [websockets.py:register_api_handler()] - Registering Websocket JSON-RPC methods: machine.update.status
2023-03-23 21:36:57,076 [app.py:register_local_handler()] - Registering HTTP Endpoint: (POST) /machine/update/refresh
2023-03-23 21:36:57,076 [websockets.py:register_api_handler()] - Registering Websocket JSON-RPC methods: machine.update.refresh
2023-03-23 21:36:57,076 [app.py:register_local_handler()] - Registering HTTP Endpoint: (POST) /machine/update/recover
2023-03-23 21:36:57,076 [websockets.py:register_api_handler()] - Registering Websocket JSON-RPC methods: machine.update.recover
2023-03-23 21:36:57,076 [server.py:load_component()] - Component (update_manager) loaded
2023-03-23 21:36:57,099 [server.py:_initialize_component()] - Performing Component Post Init: [dbus_manager]
2023-03-23 21:36:57,332 [server.py:_initialize_component()] - Performing Component Post Init: [file_manager]
2023-03-23 21:36:57,377 [server.py:_initialize_component()] - Performing Component Post Init: [machine]
2023-03-23 21:36:57,378 [machine.py:validation_init()] - Installation version in database up to date
2023-03-23 21:36:57,704 [machine.py:check_virt_status()] - Virtualized Environment Detected, Type: vm id: oracle
2023-03-23 21:36:57,719 [machine.py:_find_public_ip()] - Detected Local IP: 10.0.2.15
2023-03-23 21:36:57,721 [webcam.py:_set_default_host_ip()] - Default public webcam address set: http://10.0.2.15
2023-03-23 21:36:57,830 [server.py:add_log_rollover_item()] - 
Systemd unit moonraker.service:
unit_name: moonraker.service
is_default: True
manager: systemd
Properties:
**Requires=['sysinit.target', 'system.slice', '-.mount', 'network-online.target']
**After=['systemd-journald.socket', 'sysinit.target', 'system.slice', 'basic.target', '-.mount', 'network-online.target']
**SupplementaryGroups=['moonraker-admin']
**EnvironmentFiles=/home/klipper/printer_data/systemd/moonraker.env
**ExecStart=/home/klipper/moonraker-env/bin/python $MOONRAKER_ARGS
**WorkingDirectory=/home/klipper/moonraker
**FragmentPath=/etc/systemd/system/moonraker.service
**Description=API Server for Klipper SV1
**User=klipper
2023-03-23 21:36:57,831 [server.py:_initialize_component()] - Performing Component Post Init: [proc_stats]
2023-03-23 21:36:57,831 [server.py:_initialize_component()] - Performing Component Post Init: [announcements]
2023-03-23 21:36:57,831 [server.py:_initialize_component()] - Performing Component Post Init: [webcam]
2023-03-23 21:36:57,832 [webcam.py:_set_default_host_ip()] - Default public webcam address set: http://10.0.2.15
2023-03-23 21:36:57,832 [server.py:_initialize_component()] - Performing Component Post Init: [klippy_connection]
2023-03-23 21:36:57,833 [server.py:add_log_rollover_item()] - 
Systemd unit klipper.service:
unit_name: klipper.service
is_default: True
manager: systemd
Properties:
**Requires=['system.slice', '-.mount', 'sysinit.target']
**After=['basic.target', 'systemd-journald.socket', 'system.slice', '-.mount', 'network-online.target', 'sysinit.target']
**SupplementaryGroups=[]
**EnvironmentFiles=/home/klipper/printer_data/systemd/klipper.env
**ExecStart=/home/klipper/klippy-env/bin/python $KLIPPER_ARGS
**WorkingDirectory=/home/klipper/klipper
**FragmentPath=/etc/systemd/system/klipper.service
**Description=Klipper 3D Printer Firmware SV1
**User=klipper
2023-03-23 21:36:57,833 [server.py:_initialize_component()] - Performing Component Post Init: [authorization]
2023-03-23 21:36:57,833 [server.py:_initialize_component()] - Performing Component Post Init: [update_manager]
2023-03-23 21:36:58,747 [update_manager.py:initialize()] - PackageDeploy: Using PackageKit Provider
2023-03-23 21:36:58,749 [update_manager.py:initialize()] - 
Initializing Client Updater: 'fluidd',
Channel: stable
path: /home/klipper/fluidd
2023-03-23 21:36:58,749 [update_manager.py:initialize()] - 
Initializing Client Updater: 'mainsail',
Channel: stable
path: /home/klipper/mainsail
2023-03-23 21:36:58,753 [extensions.py:start_unix_server()] - Creating Unix Domain Socket at '/home/klipper/printer_data/comms/moonraker.sock'
2023-03-23 21:36:58,754 [server.py:start_server()] - Starting Moonraker on (0.0.0.0, 7125), Hostname: debian
2023-03-23 21:36:58,754 [app.py:listen()] - SSL Certificate/Key not configured, aborting HTTPS Server startup
2023-03-23 21:36:59,010 [klippy_connection.py:_do_connect()] - Klippy Connection Established
2023-03-23 21:36:59,077 [server.py:add_log_rollover_item()] - 
Systemd unit klipper.service:
unit_name: klipper.service
is_default: True
manager: systemd
Properties:
**Requires=['-.mount', 'system.slice', 'sysinit.target']
**After=['system.slice', 'basic.target', '-.mount', 'network-online.target', 'sysinit.target', 'systemd-journald.socket']
**SupplementaryGroups=[]
**EnvironmentFiles=/home/klipper/printer_data/systemd/klipper.env
**ExecStart=/home/klipper/klippy-env/bin/python $KLIPPER_ARGS
**WorkingDirectory=/home/klipper/klipper
**FragmentPath=/etc/systemd/system/klipper.service
**Description=Klipper 3D Printer Firmware SV1
**User=klipper
2023-03-23 21:36:59,331 [server.py:add_log_rollover_item()] - Klipper Version: v0.11.0-127-g4b1536d6
2023-03-23 21:36:59,343 [app.py:register_remote_handler()] - Registering HTTP endpoint: (GET POST) /printer/info
2023-03-23 21:36:59,343 [websockets.py:register_api_handler()] - Registering Websocket JSON-RPC methods: printer.info
2023-03-23 21:36:59,343 [app.py:register_remote_handler()] - Registering HTTP endpoint: (GET POST) /printer/emergency_stop
2023-03-23 21:36:59,344 [websockets.py:register_api_handler()] - Registering Websocket JSON-RPC methods: printer.emergency_stop
2023-03-23 21:36:59,344 [app.py:register_remote_handler()] - Registering HTTP endpoint: (GET POST) /printer/gcode/help
2023-03-23 21:36:59,344 [websockets.py:register_api_handler()] - Registering Websocket JSON-RPC methods: printer.gcode.help
2023-03-23 21:36:59,344 [app.py:register_remote_handler()] - Registering HTTP endpoint: (GET POST) /printer/gcode/script
2023-03-23 21:36:59,344 [websockets.py:register_api_handler()] - Registering Websocket JSON-RPC methods: printer.gcode.script
2023-03-23 21:36:59,344 [app.py:register_remote_handler()] - Registering HTTP endpoint: (GET POST) /printer/gcode/restart
2023-03-23 21:36:59,345 [websockets.py:register_api_handler()] - Registering Websocket JSON-RPC methods: printer.gcode.restart
2023-03-23 21:36:59,345 [app.py:register_remote_handler()] - Registering HTTP endpoint: (GET POST) /printer/gcode/firmware_restart
2023-03-23 21:36:59,345 [websockets.py:register_api_handler()] - Registering Websocket JSON-RPC methods: printer.gcode.firmware_restart
2023-03-23 21:36:59,345 [app.py:register_remote_handler()] - Registering HTTP endpoint: (GET POST) /printer/objects/list
2023-03-23 21:36:59,345 [websockets.py:register_api_handler()] - Registering Websocket JSON-RPC methods: printer.objects.list
2023-03-23 21:36:59,345 [app.py:register_remote_handler()] - Registering HTTP endpoint: (GET POST) /printer/objects/query
2023-03-23 21:36:59,346 [websockets.py:register_api_handler()] - Registering Websocket JSON-RPC methods: printer.objects.query
2023-03-23 21:36:59,346 [app.py:register_remote_handler()] - Registering HTTP endpoint: (GET POST) /printer/objects/subscribe
2023-03-23 21:36:59,346 [websockets.py:register_api_handler()] - Registering Websocket JSON-RPC methods: printer.objects.subscribe
2023-03-23 21:36:59,346 [app.py:register_remote_handler()] - Registering HTTP endpoint: (GET POST) /printer/pause_resume/cancel
2023-03-23 21:36:59,346 [websockets.py:register_api_handler()] - Registering Websocket JSON-RPC methods: printer.pause_resume.cancel
2023-03-23 21:36:59,346 [app.py:register_remote_handler()] - Registering HTTP endpoint: (GET POST) /printer/pause_resume/pause
2023-03-23 21:36:59,347 [websockets.py:register_api_handler()] - Registering Websocket JSON-RPC methods: printer.pause_resume.pause
2023-03-23 21:36:59,347 [app.py:register_remote_handler()] - Registering HTTP endpoint: (GET POST) /printer/pause_resume/resume
2023-03-23 21:36:59,347 [websockets.py:register_api_handler()] - Registering Websocket JSON-RPC methods: printer.pause_resume.resume
2023-03-23 21:36:59,347 [app.py:register_remote_handler()] - Registering HTTP endpoint: (GET POST) /printer/motion_report/dump_stepper
2023-03-23 21:36:59,348 [websockets.py:register_api_handler()] - Registering Websocket JSON-RPC methods: printer.motion_report.dump_stepper
2023-03-23 21:36:59,348 [app.py:register_remote_handler()] - Registering HTTP endpoint: (GET POST) /printer/query_endstops/status
2023-03-23 21:36:59,348 [websockets.py:register_api_handler()] - Registering Websocket JSON-RPC methods: printer.query_endstops.status
2023-03-23 21:37:01,518 [authorization.py:_check_trusted_connection()] - Trusted Connection Detected, IP: 127.0.0.1
2023-03-23 21:37:01,565 [app.py:log_request()] - 101 GET /websocket?token=H4DF7I32D6EMDXUAXYI6RWKDF6P7Q5GL (127.0.0.1) [_TRUSTED_USER_] 2.15ms
2023-03-23 21:37:01,566 [websockets.py:open()] - Websocket Opened: ID: 140230098600528, Proxied: False, User Agent: , Host Name: 127.0.0.1
2023-03-23 21:37:01,606 [app.py:log_request()] - 404 GET /machine/device_power/devices (127.0.0.1) [No User] 15.08ms
2023-03-23 21:37:01,934 [file_manager.py:get_file_list()] - Updating File List <gcodes>...
2023-03-23 21:38:27,077 [klippy_connection.py:_request_initial_subscriptions()] - Webhooks Subscribed
2023-03-23 21:38:27,078 [klippy_connection.py:_request_initial_subscriptions()] - GCode Output Subscribed
2023-03-23 21:38:27,079 [klippy_connection.py:_check_ready()] - 
mcu 'mcu': Unable to connect
Once the underlying issue is corrected, use the
"FIRMWARE_RESTART" command to reset the firmware, reload the
config, and restart the host software.
Error configuring printer

